<?xml version="1.0" encoding="UTF-8"?>
<testng-results ignored="0" total="1" passed="1" failed="0" skipped="0">
  <reporter-output>
  </reporter-output>
  <suite started-at="2024-07-29T21:31:57 IST" name="Default suite" finished-at="2024-07-29T21:32:00 IST" duration-ms="2676">
    <groups>
    </groups>
    <test started-at="2024-07-29T21:31:57 IST" name="Default test" finished-at="2024-07-29T21:32:00 IST" duration-ms="2676">
      <class name="ApiTesting">
        <test-method signature="testUser()[pri:0, instance:ApiTesting@5542c4ed]" started-at="2024-07-29T21:31:57 IST" name="testUser" finished-at="2024-07-29T21:32:00 IST" duration-ms="2631" status="PASS">
          <reporter-output>
          </reporter-output>
        </test-method> <!-- testUser -->
      </class> <!-- ApiTesting -->
    </test> <!-- Default test -->
  </suite> <!-- Default suite -->
</testng-results>
